This file contains any messages produced by compilers while
running configure, to aid debugging if configure makes a mistake.

It was created by CppAD configure 20081128, which was
generated by GNU Autoconf 2.59.  Invocation command line was

  $ ./configure --prefix=/u/walter/workspace/PyCPPAD

## --------- ##
## Platform. ##
## --------- ##

hostname = wronski
uname -m = i686
uname -r = 2.6.22.19-0.1-bigsmp
uname -s = Linux
uname -v = #1 SMP 2008-10-14 22:17:43 +0200

/usr/bin/uname -p = unknown
/bin/uname -X     = unknown

/bin/arch              = i686
/usr/bin/arch -k       = unknown
/usr/convex/getsysinfo = unknown
hostinfo               = unknown
/bin/machine           = unknown
/usr/bin/oslevel       = unknown
/bin/universe          = unknown

PATH: /data/walter/opt_software/py/py-0.9.x/py/bin
PATH: .
PATH: /u/walter/opt_software/vplan/bin
PATH: /bin
PATH: /usr/bin
PATH: /bin
PATH: /sbin
PATH: /usr/sbin
PATH: /usr/local/bin
PATH: /usr/local/sbin
PATH: /usr/math/bin
PATH: /usr/math/sbin
PATH: /usr/math/bin
PATH: /usr/math/sbin
PATH: /usr/X11R6/bin
PATH: /opt/kde3/bin
PATH: /usr/lib
PATH: /etc
PATH: /usr/bin/X11
PATH: /usr/math/java/bin
PATH: /usr/math/maple/bin
PATH: /usr/lib/qt3/bin
PATH: /u/walter/opt_software/vplan/lib/ADIFOR2.0D/bin
PATH: /u/walter/opt_software/vplan/linux/bin
PATH: /data/walter/opt_software/dmd.2.007/dmd/bin
PATH: /data/walter/opt_software/dmd.1.015/dmd/bin
PATH: /u/walter/opt_software/cmake-2.4.8/bin
PATH: /data/walter/opt_software/Cython-0.9.6.14/bin
PATH: /data/walter/opt_software/gnat/bin
PATH: /data/walter/opt_software/astyle/bin
PATH: /data/walter/opt_software/graphviz/bin
PATH: /data/walter/opt_software/cscope/bin
PATH: /data/walter/opt_software/ruby/bin
PATH: /data/walter/opt_software/jedit4.3pre14/bin
PATH: /data/walter/opt_software/sage-2.10.1
PATH: /data/walter/opt_software/epix-1.2.4/bin
PATH: /data/walter/opt_software/spe/_spe


## ----------- ##
## Core tests. ##
## ----------- ##

configure:1348: checking whether to enable maintainer-specific portions of Makefiles
configure:1357: result: no
configure:1375: ******** Begin Checking Command Line arguments ***************
configure:1412: checking --prefix
configure:1418: result: /u/walter/workspace/PyCPPAD
configure:1422: checking --with-Documentation
configure:1443: result: no
configure:1447: checking --with-Introduction
configure:1468: result: no
configure:1471: checking --with-Example
configure:1492: result: no
configure:1495: checking --with-TestMore
configure:1516: result: no
configure:1519: checking --with-Speed
configure:1540: result: no
configure:1543: checking --with-PrintFor
configure:1564: result: no
configure:1567: checking --with-stdvector
configure:1591: result: no
configure:1594: checking POSTFIX_DIR
configure:1611: result: no
configure:1615: checking ADOLC_DIR
configure:1632: result: no
configure:1636: checking FADBAD_DIR
configure:1653: result: no
configure:1657: checking SACADO_DIR
configure:1674: result: no
configure:1678: checking IPOPT_DIR
configure:1695: result: no
configure:1699: checking BOOST_DIR
configure:1726: result: no
configure:1730: checking CXX_FLAGS
configure:1737: result: no
configure:1742: ********** End Checking Command Line arguments ***************
configure:1805: checking for gcc
configure:1821: found /usr/bin/gcc
configure:1831: result: gcc
configure:2075: checking for C compiler version
configure:2078: gcc --version </dev/null >&5
gcc (GCC) 4.2.1 (SUSE Linux)
Copyright (C) 2007 Free Software Foundation, Inc.
This is free software; see the source for copying conditions.  There is NO
warranty; not even for MERCHANTABILITY or FITNESS FOR A PARTICULAR PURPOSE.

configure:2081: $? = 0
configure:2083: gcc -v </dev/null >&5
Using built-in specs.
Target: i586-suse-linux
Configured with: ../configure --enable-threads=posix --prefix=/usr --with-local-prefix=/usr/local --infodir=/usr/share/info --mandir=/usr/share/man --libdir=/usr/lib --libexecdir=/usr/lib --enable-languages=c,c++,objc,fortran,obj-c++,java,ada --enable-checking=release --with-gxx-include-dir=/usr/include/c++/4.2.1 --enable-ssp --disable-libssp --disable-libgcj --with-slibdir=/lib --with-system-zlib --enable-shared --enable-__cxa_atexit --enable-libstdcxx-allocator=new --disable-libstdcxx-pch --program-suffix=-4.2 --enable-version-specific-runtime-libs --without-system-libunwind --with-cpu=generic --host=i586-suse-linux
Thread model: posix
gcc version 4.2.1 (SUSE Linux)
configure:2086: $? = 0
configure:2088: gcc -V </dev/null >&5
gcc: '-V' option must have argument
configure:2091: $? = 1
configure:2114: checking for C compiler default output file name
configure:2117: gcc    conftest.c  >&5
configure:2120: $? = 0
configure:2166: result: a.out
configure:2171: checking whether the C compiler works
configure:2177: ./a.out
configure:2180: $? = 0
configure:2197: result: yes
configure:2204: checking whether we are cross compiling
configure:2206: result: no
configure:2209: checking for suffix of executables
configure:2211: gcc -o conftest    conftest.c  >&5
configure:2214: $? = 0
configure:2239: result: 
configure:2245: checking for suffix of object files
configure:2266: gcc -c   conftest.c >&5
configure:2269: $? = 0
configure:2291: result: o
configure:2295: checking whether we are using the GNU C compiler
configure:2319: gcc -c   conftest.c >&5
configure:2325: $? = 0
configure:2329: test -z 
			 || test ! -s conftest.err
configure:2332: $? = 0
configure:2335: test -s conftest.o
configure:2338: $? = 0
configure:2351: result: yes
configure:2357: checking whether gcc accepts -g
configure:2378: gcc -c -g  conftest.c >&5
configure:2384: $? = 0
configure:2388: test -z 
			 || test ! -s conftest.err
configure:2391: $? = 0
configure:2394: test -s conftest.o
configure:2397: $? = 0
configure:2408: result: yes
configure:2425: checking for gcc option to accept ANSI C
configure:2495: gcc  -c -g -O2  conftest.c >&5
configure:2501: $? = 0
configure:2505: test -z 
			 || test ! -s conftest.err
configure:2508: $? = 0
configure:2511: test -s conftest.o
configure:2514: $? = 0
configure:2532: result: none needed
configure:2550: gcc -c -g -O2  conftest.c >&5
conftest.c:2: error: expected '=', ',', ';', 'asm' or '__attribute__' before 'me'
configure:2556: $? = 1
configure: failed program was:
| #ifndef __cplusplus
|   choke me
| #endif
configure:2690: checking for gettimeofday
configure:2747: gcc -o conftest -g -O2   conftest.c  >&5
configure:2753: $? = 0
configure:2757: test -z 
			 || test ! -s conftest.err
configure:2760: $? = 0
configure:2763: test -s conftest
configure:2766: $? = 0
configure:2778: result: yes
configure:2840: checking for a BSD-compatible install
configure:2895: result: /usr/bin/install -c
configure:2906: checking whether build environment is sane
configure:2949: result: yes
configure:3014: checking for gawk
configure:3030: found /bin/gawk
configure:3040: result: gawk
configure:3050: checking whether make sets $(MAKE)
configure:3070: result: yes
configure:3100: checking for style of include used by make
configure:3128: result: GNU
configure:3304: checking dependency style of gcc
configure:3394: result: gcc3
configure:3454: checking for ranlib
configure:3470: found /usr/bin/ranlib
configure:3481: result: ranlib
configure:3546: checking for g++
configure:3562: found /usr/bin/g++
configure:3572: result: g++
configure:3588: checking for C++ compiler version
configure:3591: g++ --version </dev/null >&5
g++ (GCC) 4.2.1 (SUSE Linux)
Copyright (C) 2007 Free Software Foundation, Inc.
This is free software; see the source for copying conditions.  There is NO
warranty; not even for MERCHANTABILITY or FITNESS FOR A PARTICULAR PURPOSE.

configure:3594: $? = 0
configure:3596: g++ -v </dev/null >&5
Using built-in specs.
Target: i586-suse-linux
Configured with: ../configure --enable-threads=posix --prefix=/usr --with-local-prefix=/usr/local --infodir=/usr/share/info --mandir=/usr/share/man --libdir=/usr/lib --libexecdir=/usr/lib --enable-languages=c,c++,objc,fortran,obj-c++,java,ada --enable-checking=release --with-gxx-include-dir=/usr/include/c++/4.2.1 --enable-ssp --disable-libssp --disable-libgcj --with-slibdir=/lib --with-system-zlib --enable-shared --enable-__cxa_atexit --enable-libstdcxx-allocator=new --disable-libstdcxx-pch --program-suffix=-4.2 --enable-version-specific-runtime-libs --without-system-libunwind --with-cpu=generic --host=i586-suse-linux
Thread model: posix
gcc version 4.2.1 (SUSE Linux)
configure:3599: $? = 0
configure:3601: g++ -V </dev/null >&5
g++: '-V' option must have argument
configure:3604: $? = 1
configure:3607: checking whether we are using the GNU C++ compiler
configure:3631: g++ -c   conftest.cc >&5
configure:3637: $? = 0
configure:3641: test -z 
			 || test ! -s conftest.err
configure:3644: $? = 0
configure:3647: test -s conftest.o
configure:3650: $? = 0
configure:3663: result: yes
configure:3669: checking whether g++ accepts -g
configure:3690: g++ -c -g  conftest.cc >&5
configure:3696: $? = 0
configure:3700: test -z 
			 || test ! -s conftest.err
configure:3703: $? = 0
configure:3706: test -s conftest.o
configure:3709: $? = 0
configure:3720: result: yes
configure:3762: g++ -c   conftest.cc >&5
configure:3768: $? = 0
configure:3772: test -z 
			 || test ! -s conftest.err
configure:3775: $? = 0
configure:3778: test -s conftest.o
configure:3781: $? = 0
configure:3807: g++ -c   conftest.cc >&5
conftest.cc: In function 'int main()':
conftest.cc:19: error: 'exit' was not declared in this scope
configure:3813: $? = 1
configure: failed program was:
| /* confdefs.h.  */
| 
| #define PACKAGE_NAME "CppAD"
| #define PACKAGE_TARNAME "cppad"
| #define PACKAGE_VERSION "20081128"
| #define PACKAGE_STRING "CppAD 20081128"
| #define PACKAGE_BUGREPORT "cppad@list.coin-or.org"
| #define CPPAD_STDVECTOR 0
| #define CPPAD_BOOSTVECTOR 0
| #define CPPAD_CPPADVECTOR 1
| #define CPPAD_GETTIMEOFDAY 1
| #define PACKAGE "cppad"
| #define VERSION "20081128"
| /* end confdefs.h.  */
| 
| int
| main ()
| {
| exit (42);
|   ;
|   return 0;
| }
configure:3762: g++ -c   conftest.cc >&5
conftest.cc:15: error: 'void std::exit(int)' should have been declared inside 'std'
configure:3768: $? = 1
configure: failed program was:
| /* confdefs.h.  */
| 
| #define PACKAGE_NAME "CppAD"
| #define PACKAGE_TARNAME "cppad"
| #define PACKAGE_VERSION "20081128"
| #define PACKAGE_STRING "CppAD 20081128"
| #define PACKAGE_BUGREPORT "cppad@list.coin-or.org"
| #define CPPAD_STDVECTOR 0
| #define CPPAD_BOOSTVECTOR 0
| #define CPPAD_CPPADVECTOR 1
| #define CPPAD_GETTIMEOFDAY 1
| #define PACKAGE "cppad"
| #define VERSION "20081128"
| /* end confdefs.h.  */
| extern "C" void std::exit (int) throw (); using std::exit;
| #include <stdlib.h>
| int
| main ()
| {
| exit (42);
|   ;
|   return 0;
| }
configure:3762: g++ -c   conftest.cc >&5
conftest.cc:15: error: 'void std::exit(int)' should have been declared inside 'std'
In file included from conftest.cc:16:
/usr/include/stdlib.h:646: error: declaration of 'void std::exit(int) throw ()' throws different exceptions
conftest.cc:15: error: from previous declaration 'void std::exit(int)'
configure:3768: $? = 1
configure: failed program was:
| /* confdefs.h.  */
| 
| #define PACKAGE_NAME "CppAD"
| #define PACKAGE_TARNAME "cppad"
| #define PACKAGE_VERSION "20081128"
| #define PACKAGE_STRING "CppAD 20081128"
| #define PACKAGE_BUGREPORT "cppad@list.coin-or.org"
| #define CPPAD_STDVECTOR 0
| #define CPPAD_BOOSTVECTOR 0
| #define CPPAD_CPPADVECTOR 1
| #define CPPAD_GETTIMEOFDAY 1
| #define PACKAGE "cppad"
| #define VERSION "20081128"
| /* end confdefs.h.  */
| extern "C" void std::exit (int); using std::exit;
| #include <stdlib.h>
| int
| main ()
| {
| exit (42);
|   ;
|   return 0;
| }
configure:3762: g++ -c   conftest.cc >&5
configure:3768: $? = 0
configure:3772: test -z 
			 || test ! -s conftest.err
configure:3775: $? = 0
configure:3778: test -s conftest.o
configure:3781: $? = 0
configure:3807: g++ -c   conftest.cc >&5
configure:3813: $? = 0
configure:3817: test -z 
			 || test ! -s conftest.err
configure:3820: $? = 0
configure:3823: test -s conftest.o
configure:3826: $? = 0
configure:3851: checking dependency style of g++
configure:3941: result: gcc3
configure:3969: checking how to run the C preprocessor
configure:4004: gcc -E  conftest.c
configure:4010: $? = 0
configure:4042: gcc -E  conftest.c
conftest.c:18:28: error: ac_nonexistent.h: No such file or directory
configure:4048: $? = 1
configure: failed program was:
| /* confdefs.h.  */
| 
| #define PACKAGE_NAME "CppAD"
| #define PACKAGE_TARNAME "cppad"
| #define PACKAGE_VERSION "20081128"
| #define PACKAGE_STRING "CppAD 20081128"
| #define PACKAGE_BUGREPORT "cppad@list.coin-or.org"
| #define CPPAD_STDVECTOR 0
| #define CPPAD_BOOSTVECTOR 0
| #define CPPAD_CPPADVECTOR 1
| #define CPPAD_GETTIMEOFDAY 1
| #define PACKAGE "cppad"
| #define VERSION "20081128"
| #ifdef __cplusplus
| extern "C" void exit (int) throw ();
| #endif
| /* end confdefs.h.  */
| #include <ac_nonexistent.h>
configure:4087: result: gcc -E
configure:4111: gcc -E  conftest.c
configure:4117: $? = 0
configure:4149: gcc -E  conftest.c
conftest.c:18:28: error: ac_nonexistent.h: No such file or directory
configure:4155: $? = 1
configure: failed program was:
| /* confdefs.h.  */
| 
| #define PACKAGE_NAME "CppAD"
| #define PACKAGE_TARNAME "cppad"
| #define PACKAGE_VERSION "20081128"
| #define PACKAGE_STRING "CppAD 20081128"
| #define PACKAGE_BUGREPORT "cppad@list.coin-or.org"
| #define CPPAD_STDVECTOR 0
| #define CPPAD_BOOSTVECTOR 0
| #define CPPAD_CPPADVECTOR 1
| #define CPPAD_GETTIMEOFDAY 1
| #define PACKAGE "cppad"
| #define VERSION "20081128"
| #ifdef __cplusplus
| extern "C" void exit (int) throw ();
| #endif
| /* end confdefs.h.  */
| #include <ac_nonexistent.h>
configure:4199: checking for inline
configure:4220: gcc -c -g -O2  conftest.c >&5
configure:4226: $? = 0
configure:4230: test -z 
			 || test ! -s conftest.err
configure:4233: $? = 0
configure:4236: test -s conftest.o
configure:4239: $? = 0
configure:4251: result: inline
configure:4322: checking for f95
configure:4351: result: no
configure:4322: checking for fort
configure:4351: result: no
configure:4322: checking for xlf95
configure:4351: result: no
configure:4322: checking for ifc
configure:4351: result: no
configure:4322: checking for efc
configure:4351: result: no
configure:4322: checking for pgf95
configure:4351: result: no
configure:4322: checking for lf95
configure:4351: result: no
configure:4322: checking for gfortran
configure:4338: found /usr/bin/gfortran
configure:4348: result: gfortran
configure:4363: checking for Fortran compiler version
configure:4366: gfortran --version </dev/null >&5
GNU Fortran (GCC) 4.2.1 (SUSE Linux)
Copyright (C) 2007 Free Software Foundation, Inc.

GNU Fortran comes with NO WARRANTY, to the extent permitted by law.
You may redistribute copies of GNU Fortran
under the terms of the GNU General Public License.
For more information about these matters, see the file named COPYING

configure:4369: $? = 0
configure:4371: gfortran -v </dev/null >&5
Using built-in specs.
Target: i586-suse-linux
Configured with: ../configure --enable-threads=posix --prefix=/usr --with-local-prefix=/usr/local --infodir=/usr/share/info --mandir=/usr/share/man --libdir=/usr/lib --libexecdir=/usr/lib --enable-languages=c,c++,objc,fortran,obj-c++,java,ada --enable-checking=release --with-gxx-include-dir=/usr/include/c++/4.2.1 --enable-ssp --disable-libssp --disable-libgcj --with-slibdir=/lib --with-system-zlib --enable-shared --enable-__cxa_atexit --enable-libstdcxx-allocator=new --disable-libstdcxx-pch --program-suffix=-4.2 --enable-version-specific-runtime-libs --without-system-libunwind --with-cpu=generic --host=i586-suse-linux
Thread model: posix
gcc version 4.2.1 (SUSE Linux)
configure:4374: $? = 0
configure:4376: gfortran -V </dev/null >&5
gfortran: '-V' option must have argument
configure:4379: $? = 1
configure:4387: checking whether we are using the GNU Fortran compiler
configure:4401: gfortran -c   conftest.F >&5
configure:4407: $? = 0
configure:4411: test -z 
			 || test ! -s conftest.err
configure:4414: $? = 0
configure:4417: test -s conftest.o
configure:4420: $? = 0
configure:4433: result: yes
configure:4439: checking whether gfortran accepts -g
configure:4451: gfortran -c -g  conftest.f >&5
configure:4457: $? = 0
configure:4461: test -z 
			 || test ! -s conftest.err
configure:4464: $? = 0
configure:4467: test -s conftest.o
configure:4470: $? = 0
configure:4482: result: yes
configure:4511: checking how to get verbose linking output from gfortran
configure:4522: gfortran -c -g -O2  conftest.f >&5
configure:4528: $? = 0
configure:4532: test -z 
			 || test ! -s conftest.err
configure:4535: $? = 0
configure:4538: test -s conftest.o
configure:4541: $? = 0
configure:4558: gfortran -o conftest -g -O2 -v   conftest.f  >&5
Using built-in specs.
Target: i586-suse-linux
Configured with: ../configure --enable-threads=posix --prefix=/usr --with-local-prefix=/usr/local --infodir=/usr/share/info --mandir=/usr/share/man --libdir=/usr/lib --libexecdir=/usr/lib --enable-languages=c,c++,objc,fortran,obj-c++,java,ada --enable-checking=release --with-gxx-include-dir=/usr/include/c++/4.2.1 --enable-ssp --disable-libssp --disable-libgcj --with-slibdir=/lib --with-system-zlib --enable-shared --enable-__cxa_atexit --enable-libstdcxx-allocator=new --disable-libstdcxx-pch --program-suffix=-4.2 --enable-version-specific-runtime-libs --without-system-libunwind --with-cpu=generic --host=i586-suse-linux
Thread model: posix
gcc version 4.2.1 (SUSE Linux)
 /usr/lib/gcc/i586-suse-linux/4.2.1/f951 conftest.f -ffixed-form -quiet -dumpbase conftest.f -mtune=generic -auxbase conftest -g -O2 -version -I /usr/lib/gcc/i586-suse-linux/4.2.1/finclude -o /tmp/ccZ37tcr.s
GNU F95 version 4.2.1 (SUSE Linux) (i586-suse-linux)
	compiled by GNU C version 4.2.1 (SUSE Linux).
GGC heuristics: --param ggc-min-expand=100 --param ggc-min-heapsize=131072
 /usr/lib/gcc/i586-suse-linux/4.2.1/../../../../i586-suse-linux/bin/as -V -Qy -o /tmp/cc8P4ZEL.o /tmp/ccZ37tcr.s
GNU assembler version 2.17.50 (i586-suse-linux) using BFD version (GNU Binutils) 2.17.50.20070726-14 (SUSE Linux)
 /usr/lib/gcc/i586-suse-linux/4.2.1/collect2 --eh-frame-hdr -m elf_i386 -dynamic-linker /lib/ld-linux.so.2 -o conftest /usr/lib/gcc/i586-suse-linux/4.2.1/../../../crt1.o /usr/lib/gcc/i586-suse-linux/4.2.1/../../../crti.o /usr/lib/gcc/i586-suse-linux/4.2.1/crtbegin.o -L/usr/lib/gcc/i586-suse-linux/4.2.1 -L/usr/lib/gcc/i586-suse-linux/4.2.1 -L/usr/lib/gcc/i586-suse-linux/4.2.1/../../../../i586-suse-linux/lib -L/usr/lib/gcc/i586-suse-linux/4.2.1/../../.. /tmp/cc8P4ZEL.o -lgfortranbegin -lgfortran -lm -lgcc_s -lgcc -lc -lgcc_s -lgcc /usr/lib/gcc/i586-suse-linux/4.2.1/crtend.o /usr/lib/gcc/i586-suse-linux/4.2.1/../../../crtn.o
configure:4613: result: -v
configure:4615: checking for Fortran libraries of gfortran
configure:4636: gfortran -o conftest -g -O2 -v   conftest.f  >&5
Using built-in specs.
Target: i586-suse-linux
Configured with: ../configure --enable-threads=posix --prefix=/usr --with-local-prefix=/usr/local --infodir=/usr/share/info --mandir=/usr/share/man --libdir=/usr/lib --libexecdir=/usr/lib --enable-languages=c,c++,objc,fortran,obj-c++,java,ada --enable-checking=release --with-gxx-include-dir=/usr/include/c++/4.2.1 --enable-ssp --disable-libssp --disable-libgcj --with-slibdir=/lib --with-system-zlib --enable-shared --enable-__cxa_atexit --enable-libstdcxx-allocator=new --disable-libstdcxx-pch --program-suffix=-4.2 --enable-version-specific-runtime-libs --without-system-libunwind --with-cpu=generic --host=i586-suse-linux
Thread model: posix
gcc version 4.2.1 (SUSE Linux)
 /usr/lib/gcc/i586-suse-linux/4.2.1/f951 conftest.f -ffixed-form -quiet -dumpbase conftest.f -mtune=generic -auxbase conftest -g -O2 -version -I /usr/lib/gcc/i586-suse-linux/4.2.1/finclude -o /tmp/ccHsViXA.s
GNU F95 version 4.2.1 (SUSE Linux) (i586-suse-linux)
	compiled by GNU C version 4.2.1 (SUSE Linux).
GGC heuristics: --param ggc-min-expand=100 --param ggc-min-heapsize=131072
 /usr/lib/gcc/i586-suse-linux/4.2.1/../../../../i586-suse-linux/bin/as -V -Qy -o /tmp/ccqTX9S4.o /tmp/ccHsViXA.s
GNU assembler version 2.17.50 (i586-suse-linux) using BFD version (GNU Binutils) 2.17.50.20070726-14 (SUSE Linux)
 /usr/lib/gcc/i586-suse-linux/4.2.1/collect2 --eh-frame-hdr -m elf_i386 -dynamic-linker /lib/ld-linux.so.2 -o conftest /usr/lib/gcc/i586-suse-linux/4.2.1/../../../crt1.o /usr/lib/gcc/i586-suse-linux/4.2.1/../../../crti.o /usr/lib/gcc/i586-suse-linux/4.2.1/crtbegin.o -L/usr/lib/gcc/i586-suse-linux/4.2.1 -L/usr/lib/gcc/i586-suse-linux/4.2.1 -L/usr/lib/gcc/i586-suse-linux/4.2.1/../../../../i586-suse-linux/lib -L/usr/lib/gcc/i586-suse-linux/4.2.1/../../.. /tmp/ccqTX9S4.o -lgfortranbegin -lgfortran -lm -lgcc_s -lgcc -lc -lgcc_s -lgcc /usr/lib/gcc/i586-suse-linux/4.2.1/crtend.o /usr/lib/gcc/i586-suse-linux/4.2.1/../../../crtn.o
configure:4797: result:  -L/usr/lib/gcc/i586-suse-linux/4.2.1 -L/usr/lib/gcc/i586-suse-linux/4.2.1/../../../../i586-suse-linux/lib -L/usr/lib/gcc/i586-suse-linux/4.2.1/../../.. -lgfortranbegin -lgfortran -lm -lgcc_s
configure:4811: checking for pthread_create in -lpthread
configure:4841: gcc -o conftest -g -O2   conftest.c -lpthread   >&5
configure:4847: $? = 0
configure:4851: test -z 
			 || test ! -s conftest.err
configure:4854: $? = 0
configure:4857: test -s conftest
configure:4860: $? = 0
configure:4873: result: yes
configure:4885: checking for dlopen in -ldl
configure:4915: gcc -o conftest -g -O2   conftest.c -ldl   >&5
configure:4921: $? = 0
configure:4925: test -z 
			 || test ! -s conftest.err
configure:4928: $? = 0
configure:4931: test -s conftest
configure:4934: $? = 0
configure:4947: result: yes
configure:5172: creating ./config.status

## ---------------------- ##
## Running config.status. ##
## ---------------------- ##

This file was extended by CppAD config.status 20081128, which was
generated by GNU Autoconf 2.59.  Invocation command line was

  CONFIG_FILES    = 
  CONFIG_HEADERS  = 
  CONFIG_LINKS    = 
  CONFIG_COMMANDS = 
  $ ./config.status 

on wronski

config.status:758: creating example/test_one.sh
config.status:758: creating test_more/test_one.sh
config.status:758: creating doc.omh
config.status:758: creating omh/install_unix.omh
config.status:758: creating omh/install_windows.omh
config.status:758: creating makefile
config.status:758: creating ipopt_cppad/makefile
config.status:758: creating example/makefile
config.status:758: creating introduction/get_started/makefile
config.status:758: creating introduction/exp_apx/makefile
config.status:758: creating print_for/makefile
config.status:758: creating speed/adolc/makefile
config.status:758: creating speed/cppad/makefile
config.status:758: creating speed/double/makefile
config.status:758: creating speed/example/makefile
config.status:758: creating speed/fadbad/makefile
config.status:758: creating speed/profile/makefile
config.status:758: creating speed/sacado/makefile
config.status:758: creating test_more/makefile
config.status:862: creating cppad/config.h
config.status:956: cppad/config.h is unchanged
config.status:1136: executing depfiles commands
config.status:1136: executing default-1 commands
config.status:1136: executing default-2 commands

## ---------------- ##
## Cache variables. ##
## ---------------- ##

ac_cv_c_compiler_gnu=yes
ac_cv_c_inline=inline
ac_cv_cxx_compiler_gnu=yes
ac_cv_env_ADOLC_DIR_set=
ac_cv_env_ADOLC_DIR_value=
ac_cv_env_BOOST_DIR_set=
ac_cv_env_BOOST_DIR_value=
ac_cv_env_CC_set=
ac_cv_env_CC_value=
ac_cv_env_CFLAGS_set=
ac_cv_env_CFLAGS_value=
ac_cv_env_CPPFLAGS_set=
ac_cv_env_CPPFLAGS_value=
ac_cv_env_CPP_set=
ac_cv_env_CPP_value=
ac_cv_env_CXXFLAGS_set=
ac_cv_env_CXXFLAGS_value=
ac_cv_env_CXX_FLAGS_set=
ac_cv_env_CXX_FLAGS_value=
ac_cv_env_CXX_set=
ac_cv_env_CXX_value=
ac_cv_env_FADBAD_DIR_set=
ac_cv_env_FADBAD_DIR_value=
ac_cv_env_FCFLAGS_set=
ac_cv_env_FCFLAGS_value=
ac_cv_env_FC_set=
ac_cv_env_FC_value=
ac_cv_env_IPOPT_DIR_set=
ac_cv_env_IPOPT_DIR_value=
ac_cv_env_LDFLAGS_set=
ac_cv_env_LDFLAGS_value=
ac_cv_env_POSTFIX_DIR_set=
ac_cv_env_POSTFIX_DIR_value=
ac_cv_env_SACADO_DIR_set=
ac_cv_env_SACADO_DIR_value=
ac_cv_env_build_alias_set=
ac_cv_env_build_alias_value=
ac_cv_env_host_alias_set=
ac_cv_env_host_alias_value=
ac_cv_env_target_alias_set=
ac_cv_env_target_alias_value=
ac_cv_exeext=
ac_cv_fc_compiler_gnu=yes
ac_cv_fc_libs=' -L/usr/lib/gcc/i586-suse-linux/4.2.1 -L/usr/lib/gcc/i586-suse-linux/4.2.1/../../../../i586-suse-linux/lib -L/usr/lib/gcc/i586-suse-linux/4.2.1/../../.. -lgfortranbegin -lgfortran -lm -lgcc_s'
ac_cv_func_gettimeofday=yes
ac_cv_lib_dl_dlopen=yes
ac_cv_lib_pthread_pthread_create=yes
ac_cv_objext=o
ac_cv_path_install='/usr/bin/install -c'
ac_cv_prog_AWK=gawk
ac_cv_prog_CPP='gcc -E'
ac_cv_prog_ac_ct_CC=gcc
ac_cv_prog_ac_ct_CXX=g++
ac_cv_prog_ac_ct_FC=gfortran
ac_cv_prog_ac_ct_RANLIB=ranlib
ac_cv_prog_cc_g=yes
ac_cv_prog_cc_stdc=
ac_cv_prog_cxx_g=yes
ac_cv_prog_fc_g=yes
ac_cv_prog_fc_v=-v
ac_cv_prog_make_make_set=yes
am_cv_CC_dependencies_compiler_type=gcc3
am_cv_CXX_dependencies_compiler_type=gcc3

## ----------------- ##
## Output variables. ##
## ----------------- ##

ACLOCAL='${SHELL} /usr/math/s3_sunu2/walter/workspace/PyCPPAD/cppad-20081128/missing --run aclocal-1.9'
ADOLC_DIR=''
AMDEPBACKSLASH='\'
AMDEP_FALSE='#'
AMDEP_TRUE=''
AMTAR='${SHELL} /usr/math/s3_sunu2/walter/workspace/PyCPPAD/cppad-20081128/missing --run tar'
AUTOCONF='${SHELL} /usr/math/s3_sunu2/walter/workspace/PyCPPAD/cppad-20081128/missing --run autoconf'
AUTOHEADER='${SHELL} /usr/math/s3_sunu2/walter/workspace/PyCPPAD/cppad-20081128/missing --run autoheader'
AUTOMAKE='${SHELL} /usr/math/s3_sunu2/walter/workspace/PyCPPAD/cppad-20081128/missing --run automake-1.9'
AWK='gawk'
BOOST_DIR=''
CC='gcc'
CCDEPMODE='depmode=gcc3'
CFLAGS='-g -O2'
CPP='gcc -E'
CPPFLAGS=''
CXX='g++'
CXXDEPMODE='depmode=gcc3'
CXXFLAGS=''
CXX_FLAGS=''
CYGPATH_W='echo'
CppAD_ADOLC_FALSE=''
CppAD_ADOLC_TRUE='#'
CppAD_BOOSTVECTOR_FALSE=''
CppAD_BOOSTVECTOR_TRUE='#'
CppAD_DOCUMENTATION_FALSE=''
CppAD_DOCUMENTATION_TRUE='#'
CppAD_EXAMPLE_FALSE=''
CppAD_EXAMPLE_TRUE='#'
CppAD_FADBAD_FALSE=''
CppAD_FADBAD_TRUE='#'
CppAD_INTRODUCTION_FALSE=''
CppAD_INTRODUCTION_TRUE='#'
CppAD_IPOPT_CPPAD_FALSE=''
CppAD_IPOPT_CPPAD_TRUE='#'
CppAD_POSTFIX_FALSE=''
CppAD_POSTFIX_TRUE='#'
CppAD_PRINTFOR_FALSE=''
CppAD_PRINTFOR_TRUE='#'
CppAD_SACADO_FALSE=''
CppAD_SACADO_TRUE='#'
CppAD_SPEED_FALSE=''
CppAD_SPEED_TRUE='#'
CppAD_TEST_MORE_FALSE=''
CppAD_TEST_MORE_TRUE='#'
DEFS='-DHAVE_CONFIG_H'
DEPDIR='.deps'
DL_LIB='-ldl'
ECHO_C=''
ECHO_N='-n'
ECHO_T=''
EXEEXT=''
FADBAD_DIR=''
FC='gfortran'
FCFLAGS='-g -O2'
FCLIBS=' -L/usr/lib/gcc/i586-suse-linux/4.2.1 -L/usr/lib/gcc/i586-suse-linux/4.2.1/../../../../i586-suse-linux/lib -L/usr/lib/gcc/i586-suse-linux/4.2.1/../../.. -lgfortranbegin -lgfortran -lm -lgcc_s'
INSTALL_DATA='${INSTALL} -m 644'
INSTALL_PROGRAM='${INSTALL}'
INSTALL_SCRIPT='${INSTALL}'
INSTALL_STRIP_PROGRAM='${SHELL} $(install_sh) -c -s'
IPOPT_DIR=''
LDFLAGS=''
LIBOBJS=''
LIBS=''
LTLIBOBJS=''
MAINT='#'
MAINTAINER_MODE_FALSE=''
MAINTAINER_MODE_TRUE='#'
MAKEINFO='${SHELL} /usr/math/s3_sunu2/walter/workspace/PyCPPAD/cppad-20081128/missing --run makeinfo'
OBJEXT='o'
PACKAGE='cppad'
PACKAGE_BUGREPORT='cppad@list.coin-or.org'
PACKAGE_NAME='CppAD'
PACKAGE_STRING='CppAD 20081128'
PACKAGE_TARNAME='cppad'
PACKAGE_VERSION='20081128'
PATH_SEPARATOR=':'
POSTFIX_DIR=''
PTHREAD_LIB='-lpthread'
RANLIB='ranlib'
SACADO_DIR=''
SET_MAKE=''
SHELL='/bin/sh'
STRIP=''
VERSION='20081128'
ac_ct_CC='gcc'
ac_ct_CXX='g++'
ac_ct_FC='gfortran'
ac_ct_RANLIB='ranlib'
ac_ct_STRIP=''
am__fastdepCC_FALSE='#'
am__fastdepCC_TRUE=''
am__fastdepCXX_FALSE='#'
am__fastdepCXX_TRUE=''
am__include='include'
am__leading_dot='.'
am__quote=''
am__tar='${AMTAR} chof - "$$tardir"'
am__untar='${AMTAR} xf -'
bindir='${exec_prefix}/bin'
build_alias=''
datadir='${prefix}/share'
exec_prefix='${prefix}'
host_alias=''
includedir='${prefix}/include'
infodir='${prefix}/info'
install_sh='/usr/math/s3_sunu2/walter/workspace/PyCPPAD/cppad-20081128/install-sh'
libdir='${exec_prefix}/lib'
libexecdir='${exec_prefix}/libexec'
localstatedir='${prefix}/var'
mandir='${prefix}/man'
mkdir_p='mkdir -p --'
oldincludedir='/usr/include'
prefix='/u/walter/workspace/PyCPPAD'
program_transform_name='s,x,x,'
sbindir='${exec_prefix}/sbin'
sharedstatedir='${prefix}/com'
sysconfdir='${prefix}/etc'
target_alias=''

## ----------- ##
## confdefs.h. ##
## ----------- ##

#define CPPAD_BOOSTVECTOR 0
#define CPPAD_CPPADVECTOR 1
#define CPPAD_GETTIMEOFDAY 1
#define CPPAD_STDVECTOR 0
#define PACKAGE "cppad"
#define PACKAGE_BUGREPORT "cppad@list.coin-or.org"
#define PACKAGE_NAME "CppAD"
#define PACKAGE_STRING "CppAD 20081128"
#define PACKAGE_TARNAME "cppad"
#define PACKAGE_VERSION "20081128"
#define VERSION "20081128"
#endif
#ifdef __cplusplus
extern "C" void exit (int) throw ();

configure: exit 0
